SF:C:\junk\Tutorials\ConsoleApps\MySecondApp\MySecondApp.Library\Repositories\WordRepository.cs
FN:19,System.String MySecondApp.Library.Repositories.WordRepository::ReverseWord(System.String)
FNDA:1,System.String MySecondApp.Library.Repositories.WordRepository::ReverseWord(System.String)
DA:20,1
DA:21,1
DA:22,27
DA:23,12
DA:24,12
DA:25,12
DA:26,1
DA:27,1
BRDA:22,44,1,12
BRDA:22,44,0,1
FN:12,System.Void MySecondApp.Library.Repositories.WordRepository::.ctor(Microsoft.Extensions.Options.IOptions`1<MySecondApp.Library.Models.ApplicationSettings>)
FNDA:2,System.Void MySecondApp.Library.Repositories.WordRepository::.ctor(Microsoft.Extensions.Options.IOptions`1<MySecondApp.Library.Models.ApplicationSettings>)
DA:13,2
DA:14,2
DA:15,2
DA:16,2
DA:17,2
DA:18,2
FN:29,System.Boolean MySecondApp.Library.Repositories.WordRepository/<SayHello>d__3::MoveNext()
FNDA:1,System.Boolean MySecondApp.Library.Repositories.WordRepository/<SayHello>d__3::MoveNext()
DA:30,1
DA:31,8
DA:32,2
DA:33,2
DA:34,1
BRDA:31,150,1,2
BRDA:30,14,1,2
BRDA:31,150,0,1
LF:19
LH:19
BRF:5
BRH:5
FNF:3
FNH:3
end_of_record
SF:C:\junk\Tutorials\ConsoleApps\MySecondApp\MySecondApp.Library\Models\ApplicationSettings.cs
FN:4,System.String MySecondApp.Library.Models.ApplicationSettings::get_GreetingFormat()
FNDA:3,System.String MySecondApp.Library.Models.ApplicationSettings::get_GreetingFormat()
DA:5,3
FN:5,System.String MySecondApp.Library.Models.ApplicationSettings::get_Greeter()
FNDA:3,System.String MySecondApp.Library.Models.ApplicationSettings::get_Greeter()
DA:6,3
LF:2
LH:2
BRF:0
BRH:0
FNF:2
FNH:2
end_of_record